2026-02-13 19:25:10,048 | INFO | App start / rerun
2026-02-13 19:25:13,126 | INFO | App start / rerun
2026-02-13 19:25:23,801 | INFO | App start / rerun
2026-02-13 19:25:23,876 | INFO | User message received (7 chars)
2026-02-13 19:25:26,999 | INFO | Turn complete; rerunning
2026-02-13 19:25:27,062 | INFO | App start / rerun
2026-02-13 19:30:45,473 | INFO | App start / rerun
2026-02-13 19:30:51,321 | INFO | App start / rerun
2026-02-13 19:31:06,717 | INFO | App start / rerun
2026-02-13 19:31:06,787 | INFO | User message received (34 chars)
2026-02-13 19:31:11,158 | INFO | Turn complete; rerunning
2026-02-13 19:31:11,216 | INFO | App start / rerun
2026-02-13 19:39:49,855 | INFO | App start / rerun
2026-02-13 19:39:53,851 | INFO | App start / rerun
2026-02-13 19:47:43,948 | INFO | App start / rerun
2026-02-13 19:47:48,475 | INFO | App start / rerun
2026-02-13 19:53:59,700 | INFO | App start / rerun
2026-02-13 19:54:04,053 | INFO | App start / rerun
2026-02-13 19:55:16,383 | INFO | App start / rerun
2026-02-13 19:55:16,426 | INFO | Auto-vitals tick applied.
2026-02-13 19:55:16,427 | INFO | Idle avatar swapped to index 1
2026-02-13 19:55:16,526 | INFO | User message received (41 chars)
2026-02-13 19:55:24,270 | INFO | Turn complete; rerunning
2026-02-13 19:55:24,351 | INFO | App start / rerun
2026-02-13 19:55:24,550 | INFO | App start / rerun
2026-02-13 19:55:52,368 | INFO | App start / rerun
2026-02-13 19:55:52,394 | INFO | Auto-vitals tick applied.
2026-02-13 19:55:52,485 | INFO | User message received (58 chars)
2026-02-13 19:55:57,733 | INFO | Turn complete; rerunning
2026-02-13 19:55:57,816 | INFO | App start / rerun
2026-02-13 19:55:58,040 | INFO | App start / rerun
2026-02-13 19:55:58,063 | INFO | Idle avatar swapped to index 0
2026-02-13 19:56:34,097 | INFO | App start / rerun
2026-02-13 19:56:34,120 | INFO | Auto-vitals tick applied.
2026-02-13 19:56:34,121 | INFO | Idle avatar swapped to index 1
2026-02-13 19:56:34,210 | INFO | User message received (15 chars)
2026-02-13 19:56:36,781 | INFO | Turn complete; rerunning
2026-02-13 19:56:36,858 | INFO | App start / rerun
2026-02-13 19:58:56,107 | INFO | App start / rerun
2026-02-13 19:58:56,134 | INFO | Auto-vitals tick applied.
2026-02-13 19:58:56,135 | INFO | Idle avatar swapped to index 0
2026-02-13 19:58:56,198 | INFO | User message received (169 chars)
2026-02-13 19:59:02,128 | INFO | Turn complete; rerunning
2026-02-13 19:59:02,207 | INFO | App start / rerun
2026-02-13 19:59:02,397 | INFO | App start / rerun
2026-02-13 19:59:13,650 | INFO | App start / rerun
2026-02-13 19:59:13,788 | INFO | App start / rerun
2026-02-13 19:59:14,035 | INFO | App start / rerun
2026-02-13 19:59:21,674 | INFO | App start / rerun
2026-02-13 19:59:21,705 | INFO | Auto-vitals tick applied.
2026-02-13 19:59:22,722 | INFO | App start / rerun
2026-02-13 19:59:22,883 | INFO | App start / rerun
2026-02-13 19:59:25,622 | INFO | App start / rerun
2026-02-13 19:59:25,760 | INFO | App start / rerun
2026-02-13 19:59:28,815 | INFO | App start / rerun
2026-02-13 19:59:28,953 | INFO | App start / rerun
2026-02-13 20:11:43,356 | INFO | App start / rerun
2026-02-13 20:11:49,487 | INFO | App start / rerun
2026-02-13 20:12:06,061 | INFO | App start / rerun
2026-02-13 20:12:06,182 | INFO | App start / rerun
2026-02-13 20:12:13,271 | INFO | App start / rerun
2026-02-13 20:12:13,361 | INFO | User message received (22 chars)
2026-02-13 20:12:17,471 | INFO | TTS speak() called.
2026-02-13 20:12:17,471 | INFO | output.mp3 present (bytes=84096).
2026-02-13 20:12:17,509 | INFO | Turn complete; rerunning
2026-02-13 20:12:17,611 | INFO | App start / rerun
2026-02-13 20:13:04,866 | INFO | App start / rerun
2026-02-13 20:13:04,894 | INFO | Vitals tick applied (dt=75.4s).
2026-02-13 20:13:04,895 | INFO | Idle avatar swapped to index 1
2026-02-13 20:13:04,985 | INFO | User message received (208 chars)
2026-02-13 20:13:10,102 | INFO | TTS speak() called.
2026-02-13 20:13:10,103 | INFO | output.mp3 present (bytes=241920).
2026-02-13 20:13:10,131 | INFO | Turn complete; rerunning
2026-02-13 20:13:10,210 | INFO | App start / rerun
2026-02-13 20:13:10,440 | INFO | App start / rerun
2026-02-13 20:13:10,631 | INFO | App start / rerun
2026-02-13 20:13:27,566 | INFO | App start / rerun
2026-02-13 20:13:27,685 | INFO | User message received (42 chars)
2026-02-13 20:13:32,851 | INFO | TTS speak() called.
2026-02-13 20:13:32,851 | INFO | output.mp3 present (bytes=245760).
2026-02-13 20:13:32,876 | INFO | Turn complete; rerunning
2026-02-13 20:13:32,954 | INFO | App start / rerun
2026-02-13 20:13:43,275 | INFO | App start / rerun
2026-02-13 20:13:43,301 | INFO | Idle avatar swapped to index 0
2026-02-13 20:13:46,974 | INFO | App start / rerun
2026-02-13 20:13:47,138 | INFO | App start / rerun
2026-02-13 20:14:02,851 | INFO | App start / rerun
2026-02-13 20:14:03,078 | INFO | App start / rerun
2026-02-13 20:32:33,069 | INFO | App start / rerun
2026-02-13 20:32:42,437 | INFO | App start / rerun
2026-02-13 20:32:42,549 | INFO | App start / rerun
2026-02-13 20:32:47,850 | INFO | App start / rerun
2026-02-13 20:32:48,707 | INFO | App start / rerun
2026-02-13 20:32:48,822 | INFO | App start / rerun
2026-02-13 20:33:11,965 | INFO | App start / rerun
2026-02-13 20:33:11,986 | INFO | Idle avatar swapped to index 1
2026-02-13 20:33:12,088 | INFO | User message received (40 chars)
2026-02-13 20:33:17,934 | INFO | TTS speak() called.
2026-02-13 20:33:17,935 | INFO | output.mp3 present (bytes=188928).
2026-02-13 20:33:17,961 | INFO | Turn complete; rerunning
2026-02-13 20:33:18,037 | INFO | App start / rerun
2026-02-13 20:33:33,554 | INFO | App start / rerun
2026-02-13 20:33:33,721 | INFO | App start / rerun
2026-02-13 20:33:46,284 | INFO | App start / rerun
2026-02-13 20:33:46,350 | INFO | User message received (27 chars)
2026-02-13 20:33:49,509 | INFO | TTS speak() called.
2026-02-13 20:33:49,510 | INFO | output.mp3 present (bytes=120960).
2026-02-13 20:33:49,529 | INFO | Turn complete; rerunning
2026-02-13 20:33:49,605 | INFO | App start / rerun
2026-02-13 20:34:01,769 | INFO | App start / rerun
2026-02-13 20:34:01,796 | INFO | Idle avatar swapped to index 1
2026-02-13 20:34:02,610 | INFO | App start / rerun
2026-02-13 20:34:02,748 | INFO | App start / rerun
2026-02-13 20:34:07,321 | INFO | App start / rerun
2026-02-13 20:34:07,469 | INFO | App start / rerun
2026-02-13 20:37:37,468 | INFO | App start / rerun
2026-02-13 20:37:37,494 | INFO | Idle avatar swapped to index 0
2026-02-13 20:37:37,554 | INFO | User message received (83 chars)
2026-02-13 20:37:43,005 | INFO | TTS speak() called.
2026-02-13 20:37:43,006 | INFO | output.mp3 present (bytes=259200).
2026-02-13 20:37:43,029 | INFO | Turn complete; rerunning
2026-02-13 20:37:43,104 | INFO | App start / rerun
2026-02-13 20:37:43,273 | INFO | App start / rerun
2026-02-13 20:46:10,685 | INFO | App start / rerun
2026-02-13 20:46:13,879 | INFO | App start / rerun
2026-02-13 20:46:25,948 | INFO | App start / rerun
2026-02-13 20:46:26,025 | INFO | User message received (14 chars)
2026-02-13 20:46:30,243 | INFO | TTS speak() called.
2026-02-13 20:46:30,243 | INFO | output.mp3 present (bytes=128256).
2026-02-13 20:46:30,270 | INFO | Turn complete; rerunning
2026-02-13 20:46:30,344 | INFO | App start / rerun
2026-02-13 20:46:43,391 | INFO | App start / rerun
2026-02-13 20:46:43,413 | INFO | Idle avatar swapped to index 1
2026-02-13 20:46:47,429 | INFO | App start / rerun
2026-02-13 20:46:47,550 | INFO | App start / rerun
2026-02-13 20:47:57,147 | INFO | App start / rerun
2026-02-13 20:47:57,169 | INFO | Vitals tick applied (dt=103.2s).
2026-02-13 20:47:57,170 | INFO | Expedition completed (pending loot staged): sector=Asteroid Belt xp=20 item=Apple
2026-02-13 20:47:57,170 | INFO | Idle avatar swapped to index 0
2026-02-13 20:47:57,315 | INFO | App start / rerun
2026-02-13 20:48:17,752 | INFO | App start / rerun
2026-02-13 20:48:17,906 | INFO | App start / rerun
2026-02-13 20:48:18,112 | INFO | App start / rerun
2026-02-13 20:51:18,305 | INFO | App start / rerun
2026-02-13 20:51:18,328 | INFO | Vitals tick applied (dt=180.0s).
2026-02-13 20:51:18,329 | INFO | Idle avatar swapped to index 1
2026-02-13 20:51:18,427 | INFO | App start / rerun
2026-02-13 20:52:19,294 | INFO | App start / rerun
2026-02-13 20:52:19,402 | INFO | App start / rerun
2026-02-13 20:52:19,425 | INFO | Idle avatar swapped to index 0
2026-02-13 20:52:19,569 | INFO | App start / rerun
2026-02-13 20:52:23,504 | INFO | App start / rerun
2026-02-13 20:52:23,715 | INFO | App start / rerun
2026-02-13 20:52:25,501 | INFO | App start / rerun
2026-02-13 20:52:38,107 | INFO | App start / rerun
2026-02-13 20:52:38,219 | INFO | App start / rerun
2026-02-13 20:53:08,010 | INFO | App start / rerun
2026-02-13 20:53:08,030 | INFO | Vitals tick applied (dt=109.7s).
2026-02-13 20:53:08,096 | INFO | User message received (59 chars)
2026-02-13 20:53:13,313 | INFO | TTS speak() called.
2026-02-13 20:53:13,314 | INFO | output.mp3 present (bytes=249600).
2026-02-13 20:53:13,337 | INFO | Turn complete; rerunning
2026-02-13 20:53:13,414 | INFO | App start / rerun
2026-02-13 20:54:32,107 | INFO | App start / rerun
2026-02-13 20:54:32,127 | INFO | Vitals tick applied (dt=84.1s).
2026-02-13 20:54:32,129 | INFO | Expedition completed (pending loot staged): sector=Asteroid Belt xp=20 item=Berry
2026-02-13 20:54:32,129 | INFO | Idle avatar swapped to index 1
2026-02-13 20:54:32,194 | INFO | User message received (32 chars)
2026-02-13 20:54:36,972 | INFO | TTS speak() called.
2026-02-13 20:54:36,972 | INFO | output.mp3 present (bytes=262656).
2026-02-13 20:54:36,998 | INFO | Turn complete; rerunning
2026-02-13 20:54:37,069 | INFO | App start / rerun
2026-02-13 20:54:37,262 | INFO | App start / rerun
2026-02-13 20:55:15,063 | INFO | App start / rerun
2026-02-13 20:55:15,186 | INFO | App start / rerun
2026-02-13 20:55:15,390 | INFO | App start / rerun
2026-02-13 20:55:15,421 | INFO | Idle avatar swapped to index 0
2026-02-13 21:04:20,770 | INFO | App start / rerun
2026-02-13 21:04:29,353 | INFO | App start / rerun
2026-02-13 21:04:36,657 | INFO | App start / rerun
2026-02-13 21:04:49,219 | INFO | App start / rerun
2026-02-13 21:04:49,324 | INFO | App start / rerun
2026-02-13 21:05:41,020 | INFO | App start / rerun
2026-02-13 21:05:41,102 | INFO | User message received (33 chars)
2026-02-13 21:05:46,610 | INFO | TTS speak() called.
2026-02-13 21:05:46,610 | INFO | output.mp3 present (bytes=270720).
2026-02-13 21:05:46,630 | INFO | Turn complete; rerunning
2026-02-13 21:05:46,708 | INFO | App start / rerun
2026-02-13 21:05:46,729 | INFO | Vitals tick applied (dt=77.3s).
2026-02-13 21:13:37,515 | INFO | App start / rerun
2026-02-13 21:13:42,724 | INFO | App start / rerun
2026-02-13 21:13:53,339 | INFO | App start / rerun
2026-02-13 21:13:53,447 | INFO | App start / rerun
2026-02-13 21:14:54,946 | INFO | App start / rerun
2026-02-13 21:14:54,967 | INFO | Expedition completed (pending loot staged): sector=Asteroid Belt xp=20 item=None
2026-02-13 21:14:54,967 | INFO | Idle avatar swapped to index 1
2026-02-13 21:14:55,032 | INFO | User message received (6 chars)
2026-02-13 21:14:59,280 | INFO | TTS speak() called.
2026-02-13 21:14:59,281 | INFO | output.mp3 present (bytes=89088).
2026-02-13 21:14:59,302 | INFO | Turn complete; rerunning
2026-02-13 21:14:59,377 | INFO | App start / rerun
2026-02-13 21:14:59,400 | INFO | Vitals tick applied (dt=76.6s).
2026-02-13 21:14:59,537 | INFO | App start / rerun
2026-02-13 21:15:21,104 | INFO | App start / rerun
2026-02-13 21:15:21,237 | INFO | App start / rerun
2026-02-13 21:15:21,462 | INFO | App start / rerun
2026-02-13 21:27:40,484 | INFO | App start / rerun
2026-02-13 21:27:48,267 | INFO | App start / rerun
2026-02-13 21:27:55,652 | INFO | App start / rerun
2026-02-13 21:27:55,767 | INFO | App start / rerun
2026-02-13 21:29:05,032 | INFO | App start / rerun
2026-02-13 21:29:05,122 | INFO | App start / rerun
2026-02-13 21:29:05,143 | INFO | Vitals tick applied (dt=76.8s).
2026-02-13 21:29:05,145 | INFO | Expedition completed (pending loot staged): sector=Asteroid Belt xp=20 item=None
2026-02-13 21:29:05,146 | INFO | Idle avatar swapped to index 1
2026-02-13 21:29:05,282 | INFO | App start / rerun
2026-02-13 21:29:09,518 | INFO | App start / rerun
2026-02-13 21:29:09,614 | INFO | App start / rerun
2026-02-13 21:29:09,750 | INFO | App start / rerun
2026-02-13 21:40:28,498 | INFO | App start / rerun
2026-02-13 21:40:32,759 | INFO | App start / rerun
2026-02-13 21:40:42,083 | INFO | App start / rerun
2026-02-13 21:40:42,194 | INFO | App start / rerun
2026-02-13 21:42:22,133 | INFO | App start / rerun
2026-02-13 21:42:22,153 | INFO | Vitals tick applied (dt=109.4s).
2026-02-13 21:42:22,155 | INFO | Expedition completed (pending loot staged): sector=Asteroid Belt xp=20 item=None exp_id=exp_1771040442_9562
2026-02-13 21:42:22,155 | INFO | Idle avatar swapped to index 1
2026-02-13 21:42:22,240 | INFO | App start / rerun
2026-02-13 21:42:22,388 | INFO | App start / rerun
2026-02-13 21:42:56,982 | INFO | App start / rerun
2026-02-13 21:42:57,105 | INFO | App start / rerun
2026-02-13 21:42:57,290 | INFO | App start / rerun
2026-02-13 21:43:40,078 | INFO | App start / rerun
2026-02-13 21:43:40,099 | INFO | Idle avatar swapped to index 0
2026-02-13 21:43:40,158 | INFO | User message received (37 chars)
2026-02-13 21:43:46,116 | INFO | TTS speak() called.
2026-02-13 21:43:46,117 | INFO | output.mp3 present (bytes=244992).
2026-02-13 21:43:46,137 | INFO | Turn complete; rerunning
2026-02-13 21:43:46,211 | INFO | App start / rerun
2026-02-13 21:43:46,234 | INFO | Vitals tick applied (dt=84.1s).
2026-02-13 21:43:46,406 | INFO | App start / rerun
2026-02-13 21:43:57,975 | INFO | App start / rerun
2026-02-13 21:43:58,101 | INFO | User message received (9 chars)
2026-02-13 21:44:01,754 | INFO | TTS speak() called.
2026-02-13 21:44:01,755 | INFO | output.mp3 present (bytes=118656).
2026-02-13 21:44:01,778 | INFO | Turn complete; rerunning
2026-02-13 21:44:01,869 | INFO | App start / rerun
2026-02-13 21:44:02,083 | INFO | App start / rerun
2026-02-13 21:44:28,020 | INFO | App start / rerun
2026-02-13 21:44:28,041 | INFO | Idle avatar swapped to index 1
2026-02-13 21:44:28,146 | INFO | User message received (90 chars)
2026-02-13 21:44:32,822 | INFO | TTS speak() called.
2026-02-13 21:44:32,823 | INFO | output.mp3 present (bytes=188160).
2026-02-13 21:44:32,845 | INFO | Turn complete; rerunning
2026-02-13 21:44:32,937 | INFO | App start / rerun
2026-02-13 21:44:50,850 | INFO | App start / rerun
2026-02-13 21:44:50,965 | INFO | App start / rerun
2026-02-13 21:44:59,050 | INFO | App start / rerun
2026-02-13 21:44:59,134 | INFO | User message received (34 chars)
2026-02-13 21:45:02,877 | INFO | TTS speak() called.
2026-02-13 21:45:02,878 | INFO | output.mp3 present (bytes=111360).
2026-02-13 21:45:02,902 | INFO | Turn complete; rerunning
2026-02-13 21:45:02,991 | INFO | App start / rerun
2026-02-13 21:45:48,995 | INFO | App start / rerun
2026-02-13 21:45:49,025 | INFO | Vitals tick applied (dt=122.8s).
2026-02-13 21:45:49,102 | INFO | User message received (83 chars)
2026-02-13 21:45:54,710 | INFO | TTS speak() called.
2026-02-13 21:45:54,711 | INFO | output.mp3 present (bytes=248832).
2026-02-13 21:45:54,731 | INFO | Turn complete; rerunning
2026-02-13 21:45:54,815 | INFO | App start / rerun
2026-02-13 21:46:13,550 | INFO | App start / rerun
2026-02-13 21:46:13,648 | INFO | User message received (7 chars)
2026-02-13 21:46:16,431 | INFO | TTS speak() called.
2026-02-13 21:46:16,432 | INFO | output.mp3 present (bytes=105600).
2026-02-13 21:46:16,455 | INFO | Turn complete; rerunning
2026-02-13 21:46:16,534 | INFO | App start / rerun
2026-02-13 21:46:22,091 | INFO | App start / rerun
2026-02-13 21:46:22,177 | INFO | User message received (20 chars)
2026-02-13 21:46:24,561 | INFO | TTS speak() called.
2026-02-13 21:46:24,562 | INFO | output.mp3 present (bytes=93696).
2026-02-13 21:46:24,582 | INFO | Turn complete; rerunning
2026-02-13 21:46:24,664 | INFO | App start / rerun
2026-02-13 21:46:35,686 | INFO | App start / rerun
2026-02-13 21:46:35,782 | INFO | User message received (56 chars)
2026-02-13 21:46:39,264 | INFO | TTS speak() called.
2026-02-13 21:46:39,265 | INFO | output.mp3 present (bytes=178560).
2026-02-13 21:46:39,293 | INFO | Turn complete; rerunning
2026-02-13 21:46:39,373 | INFO | App start / rerun
2026-02-13 21:48:24,269 | INFO | App start / rerun
2026-02-13 21:48:29,030 | INFO | App start / rerun
2026-02-13 21:48:37,406 | INFO | App start / rerun
2026-02-13 21:48:37,479 | INFO | User message received (13 chars)
2026-02-13 21:48:41,086 | INFO | TTS speak() called.
2026-02-13 21:48:41,087 | INFO | output.mp3 present (bytes=76032).
2026-02-13 21:48:41,110 | INFO | Turn complete; rerunning
2026-02-13 21:48:41,178 | INFO | App start / rerun
2026-02-13 21:48:49,499 | INFO | App start / rerun
2026-02-13 21:48:49,625 | INFO | App start / rerun
2026-02-13 21:48:52,464 | INFO | App start / rerun
2026-02-13 21:48:53,290 | INFO | App start / rerun
2026-02-13 21:48:53,424 | INFO | App start / rerun
2026-02-13 21:48:56,611 | INFO | App start / rerun
2026-02-13 21:48:56,634 | INFO | Idle avatar swapped to index 1
2026-02-13 21:48:58,395 | INFO | App start / rerun
2026-02-13 21:48:58,727 | INFO | App start / rerun
2026-02-13 21:48:58,942 | INFO | App start / rerun
2026-02-13 21:48:59,154 | INFO | App start / rerun
2026-02-13 21:48:59,708 | INFO | App start / rerun
2026-02-13 21:48:59,852 | INFO | App start / rerun
2026-02-13 21:49:01,698 | INFO | App start / rerun
2026-02-13 21:49:02,038 | INFO | App start / rerun
2026-02-13 21:49:02,376 | INFO | App start / rerun
2026-02-13 21:49:02,725 | INFO | App start / rerun
2026-02-13 21:49:02,848 | INFO | App start / rerun
2026-02-13 21:49:04,353 | INFO | App start / rerun
2026-02-13 21:49:05,088 | INFO | App start / rerun
2026-02-13 21:49:05,323 | INFO | App start / rerun
2026-02-13 21:49:06,229 | INFO | App start / rerun
2026-02-13 21:49:06,353 | INFO | App start / rerun
2026-02-13 21:49:12,390 | INFO | App start / rerun
2026-02-13 21:49:12,533 | INFO | App start / rerun
2026-02-13 21:49:15,314 | INFO | App start / rerun
2026-02-13 21:49:22,871 | INFO | App start / rerun
2026-02-13 21:49:23,009 | INFO | App start / rerun
2026-02-13 21:49:25,694 | INFO | App start / rerun
2026-02-13 21:54:41,356 | INFO | App start / rerun
2026-02-13 21:54:45,302 | INFO | App start / rerun
2026-02-13 21:54:53,464 | INFO | App start / rerun
2026-02-13 21:54:53,547 | INFO | User message received (13 chars)
2026-02-13 21:54:57,147 | INFO | TTS speak() called.
2026-02-13 21:54:57,148 | INFO | output.mp3 present (bytes=92928).
2026-02-13 21:54:57,172 | INFO | Turn complete; rerunning
2026-02-13 21:54:57,254 | INFO | App start / rerun
2026-02-13 21:55:14,261 | INFO | App start / rerun
2026-02-13 21:55:14,281 | INFO | Idle avatar swapped to index 1
2026-02-13 21:55:14,395 | INFO | App start / rerun
2026-02-13 22:00:28,243 | INFO | App start / rerun
2026-02-13 22:00:28,270 | INFO | Vitals tick applied (dt=180.0s).
2026-02-13 22:00:28,271 | INFO | Expedition completed (pending staged): sector=Asteroid Belt xp=20 item=Apple
2026-02-13 22:00:28,274 | INFO | Idle avatar swapped to index 0
2026-02-13 22:00:28,441 | INFO | App start / rerun
2026-02-13 22:00:33,462 | INFO | App start / rerun
2026-02-13 22:00:33,603 | INFO | App start / rerun
2026-02-13 22:00:33,815 | INFO | App start / rerun
2026-02-13 22:00:36,272 | INFO | App start / rerun
2026-02-13 22:00:36,735 | INFO | App start / rerun
2026-02-13 22:00:38,937 | INFO | App start / rerun
2026-02-13 22:00:39,586 | INFO | App start / rerun
2026-02-13 22:00:41,005 | INFO | App start / rerun
2026-02-13 22:00:41,570 | INFO | App start / rerun
2026-02-13 22:05:17,558 | INFO | INFO | App start / rerun
2026-02-13 22:05:23,377 | INFO | INFO | App start / rerun
2026-02-13 22:05:30,229 | INFO | INFO | App start / rerun
2026-02-13 22:05:30,366 | INFO | INFO | App start / rerun
2026-02-13 22:05:32,930 | INFO | INFO | App start / rerun
2026-02-13 22:05:33,043 | INFO | INFO | App start / rerun
2026-02-13 22:05:57,925 | INFO | INFO | App start / rerun
2026-02-13 22:05:57,948 | INFO | INFO | Idle avatar swapped to index 1
2026-02-13 22:05:58,783 | INFO | INFO | App start / rerun
2026-02-13 22:05:58,889 | INFO | INFO | App start / rerun
2026-02-13 22:06:01,025 | INFO | INFO | App start / rerun
2026-02-13 22:06:01,147 | INFO | INFO | App start / rerun
2026-02-13 22:13:13,848 | INFO | App start / rerun
2026-02-13 22:13:24,339 | INFO | App start / rerun
2026-02-13 22:13:35,475 | INFO | App start / rerun
2026-02-13 22:13:35,511 | INFO | Arcade RPS played: user=Comet nebula=Paper
2026-02-13 22:13:35,572 | INFO | App start / rerun
2026-02-13 22:14:02,392 | INFO | App start / rerun
2026-02-13 22:14:02,520 | INFO | App start / rerun
2026-02-13 22:14:22,245 | INFO | App start / rerun
2026-02-13 22:14:22,358 | INFO | App start / rerun
2026-02-13 22:14:45,315 | INFO | App start / rerun
2026-02-13 22:14:45,337 | INFO | Vitals tick applied (dt=81.0s).
2026-02-13 22:14:45,415 | INFO | App start / rerun
2026-02-13 22:15:05,870 | INFO | App start / rerun
2026-02-13 22:15:05,895 | INFO | Expedition completion staged: sector=Asteroid Belt xp=20 item=Berry
2026-02-13 22:15:05,898 | INFO | Idle avatar swapped to index 1
2026-02-13 22:15:05,981 | INFO | App start / rerun
2026-02-13 22:15:06,120 | INFO | App start / rerun
2026-02-13 22:15:10,073 | INFO | App start / rerun
2026-02-13 22:15:10,185 | INFO | App start / rerun
2026-02-13 22:15:10,362 | INFO | App start / rerun
2026-02-13 22:38:44,380 | INFO | App start / rerun
2026-02-13 22:38:44,412 | INFO | Vitals tick applied (dt=180.0s).
2026-02-13 22:38:44,413 | INFO | Idle avatar swapped to index 0
2026-02-13 22:38:44,479 | INFO | User message received (13 chars)
2026-02-13 22:38:50,034 | INFO | TTS speak() called.
2026-02-13 22:38:50,034 | INFO | output.mp3 present (bytes=93696).
2026-02-13 22:38:50,055 | INFO | Turn complete; rerunning
2026-02-13 22:38:50,148 | INFO | App start / rerun
2026-02-13 22:38:50,308 | INFO | App start / rerun
2026-02-13 22:38:59,397 | INFO | App start / rerun
2026-02-13 22:39:08,519 | INFO | App start / rerun
2026-02-13 22:39:08,601 | INFO | User message received (32 chars)
2026-02-13 22:39:11,760 | INFO | TTS speak() called.
2026-02-13 22:39:11,761 | INFO | output.mp3 present (bytes=125568).
2026-02-13 22:39:11,781 | INFO | Turn complete; rerunning
2026-02-13 22:39:11,856 | INFO | App start / rerun
2026-02-13 22:40:52,796 | INFO | App start / rerun
2026-02-13 22:40:52,817 | INFO | Vitals tick applied (dt=113.4s).
2026-02-13 22:40:52,818 | INFO | Idle avatar swapped to index 1
2026-02-13 22:40:52,909 | INFO | User message received (42 chars)
2026-02-13 22:40:57,023 | INFO | TTS speak() called.
2026-02-13 22:40:57,023 | INFO | output.mp3 present (bytes=113664).
2026-02-13 22:40:57,041 | INFO | Turn complete; rerunning
2026-02-13 22:40:57,114 | INFO | App start / rerun
2026-02-13 22:40:57,309 | INFO | App start / rerun
2026-02-13 22:41:01,648 | INFO | App start / rerun
2026-02-13 22:41:15,075 | INFO | App start / rerun
2026-02-13 22:41:15,145 | INFO | User message received (40 chars)
2026-02-13 22:41:18,444 | INFO | TTS speak() called.
2026-02-13 22:41:18,444 | INFO | output.mp3 present (bytes=128256).
2026-02-13 22:41:18,462 | INFO | Turn complete; rerunning
2026-02-13 22:41:18,539 | INFO | App start / rerun
2026-02-13 22:41:40,144 | INFO | App start / rerun
2026-02-13 22:41:40,317 | INFO | App start / rerun
2026-02-13 22:41:46,691 | INFO | App start / rerun
2026-02-13 22:41:46,888 | INFO | App start / rerun
2026-02-13 22:41:46,910 | INFO | Idle avatar swapped to index 1
2026-02-13 22:41:47,942 | INFO | App start / rerun
2026-02-13 22:41:48,892 | INFO | App start / rerun
2026-02-13 22:41:48,932 | INFO | Arcade RPS played: user=Paper nebula=Scissors
2026-02-13 22:41:49,019 | INFO | App start / rerun
2026-02-13 22:41:51,267 | INFO | App start / rerun
2026-02-13 22:41:54,649 | INFO | App start / rerun
2026-02-13 22:41:54,693 | INFO | Arcade RPS played: user=Scissors nebula=Paper
2026-02-13 22:41:54,778 | INFO | App start / rerun
2026-02-13 22:42:01,794 | INFO | App start / rerun
2026-02-13 22:42:01,923 | INFO | App start / rerun
2026-02-13 22:42:12,291 | INFO | App start / rerun
2026-02-13 22:42:12,406 | INFO | App start / rerun
2026-02-13 22:42:20,171 | INFO | App start / rerun
2026-02-13 22:42:20,204 | INFO | Vitals tick applied (dt=78.5s).
2026-02-13 22:42:20,271 | INFO | User message received (23 chars)
2026-02-13 22:42:23,841 | INFO | TTS speak() called.
2026-02-13 22:42:23,842 | INFO | output.mp3 present (bytes=148992).
2026-02-13 22:42:23,862 | INFO | Turn complete; rerunning
2026-02-13 22:42:23,940 | INFO | App start / rerun
2026-02-13 22:42:37,204 | INFO | App start / rerun
2026-02-13 22:42:37,323 | INFO | App start / rerun
2026-02-13 22:43:00,257 | INFO | App start / rerun
2026-02-13 22:43:01,937 | INFO | App start / rerun
2026-02-13 22:43:01,958 | INFO | Expedition completion staged: sector=Asteroid Belt xp=20 item=Berry
2026-02-13 22:43:01,961 | INFO | Idle avatar swapped to index 0
2026-02-13 22:43:02,078 | INFO | App start / rerun
2026-02-13 22:43:02,250 | INFO | App start / rerun
2026-02-13 22:43:09,072 | INFO | App start / rerun
2026-02-13 22:43:09,199 | INFO | App start / rerun
2026-02-13 22:43:09,395 | INFO | App start / rerun
2026-02-13 22:43:28,910 | INFO | App start / rerun
2026-02-13 22:43:29,032 | INFO | App start / rerun
2026-02-13 22:47:11,386 | INFO | App start / rerun
2026-02-13 22:47:11,409 | INFO | Vitals tick applied (dt=180.0s).
2026-02-13 22:47:11,467 | INFO | User message received (40 chars)
2026-02-13 22:47:18,453 | INFO | TTS speak() called.
2026-02-13 22:47:18,454 | INFO | output.mp3 present (bytes=447360).
2026-02-13 22:47:18,476 | INFO | Turn complete; rerunning
2026-02-13 22:47:18,549 | INFO | App start / rerun
2026-02-13 23:04:05,719 | INFO | App start / rerun
2026-02-13 23:04:05,742 | INFO | Vitals tick applied (dt=180.0s).
2026-02-13 23:04:05,847 | INFO | App start / rerun
2026-02-13 23:04:05,866 | INFO | Idle avatar swapped to index 1
2026-02-13 23:04:06,031 | INFO | App start / rerun
2026-02-13 23:51:35,908 | INFO | App start / rerun
2026-02-13 23:54:52,529 | INFO | App start / rerun
2026-02-13 23:54:57,099 | INFO | App start / rerun
2026-02-14 00:09:11,620 | INFO | App start / rerun
2026-02-14 08:00:30,735 | INFO | App start / rerun
2026-02-14 08:25:32,906 | INFO | App start / rerun
2026-02-14 08:25:34,075 | INFO | Vitals tick applied (dt=180.0s).
2026-02-14 08:25:34,076 | INFO | Idle avatar swapped to index 1
2026-02-14 08:25:34,200 | INFO | App start / rerun
2026-02-14 08:34:10,011 | INFO | App start / rerun
2026-02-14 08:34:10,815 | INFO | Vitals tick applied (dt=180.0s).
2026-02-14 08:34:10,868 | INFO | User message received (84 chars)
2026-02-14 08:34:16,892 | INFO | TTS speak() called.
2026-02-14 08:34:16,893 | INFO | output.mp3 present (bytes=216192).
2026-02-14 08:34:16,906 | INFO | Turn complete; rerunning
2026-02-14 08:34:17,005 | INFO | App start / rerun
2026-02-14 08:47:07,860 | INFO | App start / rerun
2026-02-14 08:47:08,451 | INFO | Vitals tick applied (dt=180.0s).
2026-02-14 08:47:08,521 | INFO | User message received (98 chars)
2026-02-14 08:47:13,620 | INFO | TTS speak() called.
2026-02-14 08:47:13,621 | INFO | output.mp3 present (bytes=231168).
2026-02-14 08:47:13,645 | INFO | Turn complete; rerunning
2026-02-14 08:47:13,763 | INFO | App start / rerun
2026-02-14 08:47:29,262 | INFO | App start / rerun
2026-02-14 08:47:29,727 | INFO | User message received (34 chars)
2026-02-14 08:47:34,574 | INFO | TTS speak() called.
2026-02-14 08:47:34,574 | INFO | output.mp3 present (bytes=186624).
2026-02-14 08:47:34,601 | INFO | Turn complete; rerunning
2026-02-14 08:47:34,726 | INFO | App start / rerun
2026-02-14 11:00:41,090 | INFO | App start / rerun
2026-02-14 11:02:38,085 | INFO | App start / rerun
2026-02-14 11:02:38,152 | INFO | Vitals tick applied (dt=115.7s).
2026-02-14 11:02:38,152 | INFO | Idle avatar swapped to index 1
2026-02-14 11:02:38,410 | INFO | App start / rerun
2026-02-14 11:02:38,675 | INFO | App start / rerun
2026-02-14 11:02:45,774 | INFO | App start / rerun
2026-02-14 11:02:48,406 | INFO | App start / rerun
2026-02-14 11:03:43,649 | INFO | App start / rerun
2026-02-14 11:04:02,250 | INFO | App start / rerun
2026-02-14 11:04:08,041 | INFO | App start / rerun
2026-02-14 11:04:09,720 | INFO | App start / rerun
2026-02-14 11:04:10,211 | INFO | App start / rerun
2026-02-14 11:04:11,343 | INFO | Idle avatar swapped to index 1
2026-02-14 11:05:47,453 | INFO | App start / rerun
2026-02-14 11:05:48,712 | INFO | Vitals tick applied (dt=125.0s).
2026-02-14 11:05:48,714 | INFO | Idle avatar swapped to index 0
2026-02-14 11:05:48,777 | INFO | User message received (30 chars)
2026-02-14 11:05:54,856 | INFO | TTS speak() called.
2026-02-14 11:05:54,856 | INFO | output.mp3 present (bytes=141696).
2026-02-14 11:05:54,877 | INFO | Turn complete; rerunning
2026-02-14 11:05:54,986 | INFO | App start / rerun
2026-02-14 11:05:55,866 | INFO | App start / rerun
2026-02-14 11:05:56,818 | INFO | App start / rerun
2026-02-14 11:06:08,173 | INFO | App start / rerun
2026-02-14 11:06:08,909 | INFO | User message received (26 chars)
2026-02-14 11:06:13,448 | INFO | TTS speak() called.
2026-02-14 11:06:13,449 | INFO | output.mp3 present (bytes=202368).
2026-02-14 11:06:13,472 | INFO | Turn complete; rerunning
2026-02-14 11:06:13,594 | INFO | App start / rerun
2026-02-14 11:21:36,869 | INFO | App start / rerun
2026-02-14 11:21:40,120 | INFO | App start / rerun
2026-02-14 11:21:54,911 | INFO | App start / rerun
2026-02-14 11:22:00,849 | INFO | App start / rerun
2026-02-14 11:22:02,114 | INFO | App start / rerun
2026-02-14 11:22:03,177 | INFO | App start / rerun
2026-02-14 11:22:05,194 | ERROR | profiles upsert failed: Error PGRST204:
Message: Could not find the 'email' column of 'profiles' in the schema cache
2026-02-14 11:22:05,418 | INFO | Cloud load once: ok=False msg=No cloud state yet.
2026-02-14 11:22:34,195 | INFO | App start / rerun
2026-02-14 11:22:35,169 | INFO | Idle avatar swapped to index 1
2026-02-14 11:22:35,272 | INFO | User message received (69 chars)
2026-02-14 11:22:40,567 | INFO | TTS speak() called.
2026-02-14 11:22:40,568 | INFO | output.mp3 present (bytes=170496).
2026-02-14 11:22:41,242 | INFO | Turn complete; rerunning
2026-02-14 11:22:41,347 | INFO | App start / rerun
2026-02-14 11:22:42,500 | INFO | App start / rerun
2026-02-14 11:22:43,654 | INFO | App start / rerun
2026-02-14 11:23:00,673 | INFO | App start / rerun
2026-02-14 11:23:01,653 | INFO | Vitals tick applied (dt=81.4s).
2026-02-14 11:23:01,754 | INFO | User message received (35 chars)
2026-02-14 11:23:07,034 | INFO | TTS speak() called.
2026-02-14 11:23:07,035 | INFO | output.mp3 present (bytes=185088).
2026-02-14 11:23:07,684 | INFO | Turn complete; rerunning
2026-02-14 11:23:07,788 | INFO | App start / rerun
2026-02-14 15:19:56,805 | INFO | App start / rerun
2026-02-14 15:19:57,939 | INFO | Vitals tick applied (dt=180.0s).
2026-02-14 15:19:57,940 | INFO | Idle avatar swapped to index 0
2026-02-14 15:19:58,108 | INFO | App start / rerun
2026-02-14 15:40:19,089 | INFO | App start / rerun
2026-02-14 15:40:28,015 | INFO | App start / rerun
2026-02-14 17:47:20,771 | INFO | App start / rerun
2026-02-14 19:12:34,548 | INFO | App start / rerun
2026-02-14 19:12:42,285 | INFO | App start / rerun
2026-02-14 19:13:20,406 | INFO | App start / rerun
2026-02-14 22:25:30,218 | INFO | App start / rerun
2026-02-14 22:26:23,667 | INFO | App start / rerun
2026-02-14 22:26:46,062 | INFO | App start / rerun
2026-02-14 22:26:46,176 | INFO | User message received (20 chars)
2026-02-14 22:26:52,934 | INFO | TTS speak() called.
2026-02-14 22:26:52,935 | INFO | output.mp3 present (bytes=206592).
2026-02-14 22:26:52,956 | INFO | Turn complete; rerunning
2026-02-14 22:26:53,054 | INFO | App start / rerun
2026-02-14 22:27:46,836 | INFO | App start / rerun
2026-02-14 22:27:46,911 | INFO | Vitals tick applied (dt=83.2s).
2026-02-14 22:27:46,911 | INFO | Idle avatar swapped to index 1
2026-02-14 22:27:47,017 | INFO | User message received (81 chars)
2026-02-14 22:27:50,905 | INFO | TTS speak() called.
2026-02-14 22:27:50,906 | INFO | output.mp3 present (bytes=171264).
2026-02-14 22:27:50,924 | INFO | Turn complete; rerunning
2026-02-14 22:27:51,023 | INFO | App start / rerun
2026-02-14 22:27:51,292 | INFO | App start / rerun
2026-02-14 22:27:51,550 | INFO | App start / rerun
2026-02-15 00:36:30,449 | INFO | App start / rerun
2026-02-15 00:36:30,516 | INFO | Vitals tick applied (dt=180.0s).
2026-02-15 00:36:30,517 | INFO | Idle avatar swapped to index 1
2026-02-15 00:36:30,701 | INFO | App start / rerun
2026-02-15 00:36:30,925 | INFO | App start / rerun
2026-02-15 00:36:34,477 | INFO | App start / rerun
2026-02-15 00:36:41,211 | INFO | App start / rerun
2026-02-15 00:36:42,158 | INFO | App start / rerun
2026-02-15 00:36:43,601 | INFO | App start / rerun
2026-02-15 00:36:45,691 | ERROR | profiles upsert failed: Error PGRST204:
Message: Could not find the 'email' column of 'profiles' in the schema cache
2026-02-15 00:36:45,844 | INFO | Cloud load once: ok=False msg=No cloud state yet.
2026-02-15 01:02:26,887 | INFO | App start / rerun
2026-02-15 01:02:32,195 | INFO | App start / rerun
2026-02-15 01:02:46,422 | INFO | App start / rerun
2026-02-15 01:02:52,241 | INFO | App start / rerun
2026-02-15 01:02:56,672 | INFO | App start / rerun
2026-02-15 01:02:57,884 | INFO | App start / rerun
2026-02-15 01:03:00,037 | ERROR | profiles upsert failed: Error PGRST204:
Message: Could not find the 'email' column of 'profiles' in the schema cache
2026-02-15 01:03:00,206 | INFO | Cloud load once: ok=False msg=No cloud state yet.
2026-02-15 01:03:00,208 | INFO | Idle avatar swapped to index 1
2026-02-15 01:04:35,573 | INFO | App start / rerun
2026-02-15 01:04:37,024 | INFO | Vitals tick applied (dt=124.7s).
2026-02-15 01:04:37,026 | INFO | Idle avatar swapped to index 0
2026-02-15 01:04:37,180 | INFO | App start / rerun
2026-02-15 01:04:38,308 | INFO | App start / rerun
2026-02-15 01:04:41,961 | INFO | App start / rerun
2026-02-15 01:22:08,980 | INFO | App start / rerun
2026-02-15 01:22:21,834 | INFO | App start / rerun
2026-02-15 01:22:39,465 | INFO | App start / rerun
2026-02-15 01:22:44,551 | INFO | App start / rerun
2026-02-15 01:22:45,434 | INFO | App start / rerun
2026-02-15 01:22:46,548 | INFO | App start / rerun
2026-02-15 01:22:47,618 | ERROR | profiles upsert failed: Error PGRST204:
Message: Could not find the 'email' column of 'profiles' in the schema cache
2026-02-15 01:22:48,616 | ERROR | profiles upsert failed: Error PGRST204:
Message: Could not find the 'email' column of 'profiles' in the schema cache
2026-02-15 01:22:48,779 | INFO | Cloud load once: ok=False msg=No cloud state yet.
2026-02-15 01:22:52,507 | INFO | App start / rerun
2026-02-15 01:22:53,412 | ERROR | profiles upsert failed: Error PGRST204:
Message: Could not find the 'email' column of 'profiles' in the schema cache
2026-02-15 01:22:53,744 | INFO | Idle avatar swapped to index 1
2026-02-15 01:42:10,846 | INFO | App start / rerun
2026-02-15 01:42:29,710 | INFO | App start / rerun
2026-02-15 01:42:38,684 | INFO | App start / rerun
2026-02-15 01:42:38,764 | INFO | Idle avatar swapped to index 1
2026-02-15 01:42:40,332 | INFO | App start / rerun
2026-02-15 01:42:41,330 | INFO | App start / rerun
2026-02-15 01:42:42,357 | ERROR | profiles upsert failed: Error PGRST204:
Message: Could not find the 'email' column of 'profiles' in the schema cache
2026-02-15 01:42:43,260 | ERROR | profiles upsert failed: Error PGRST204:
Message: Could not find the 'email' column of 'profiles' in the schema cache
2026-02-15 01:42:43,403 | INFO | Cloud load once: ok=False msg=No cloud state yet.
2026-02-15 01:42:45,052 | INFO | App start / rerun
2026-02-15 01:42:45,986 | ERROR | profiles upsert failed: Error PGRST204:
Message: Could not find the 'email' column of 'profiles' in the schema cache
2026-02-15 01:42:46,266 | ERROR | profiles upsert failed: Error PGRST204:
Message: Could not find the 'email' column of 'profiles' in the schema cache
2026-02-15 02:55:37,218 | INFO | App start / rerun
2026-02-15 02:55:54,024 | INFO | App start / rerun
2026-02-15 02:55:56,294 | INFO | App start / rerun
2026-02-15 03:10:53,329 | INFO | App start / rerun
2026-02-15 03:16:36,439 | INFO | App start / rerun
2026-02-15 03:18:32,475 | INFO | App start / rerun
2026-02-15 03:21:13,869 | INFO | App start / rerun
2026-02-15 03:33:44,472 | INFO | App start / rerun
2026-02-15 03:34:52,955 | INFO | App start / rerun
2026-02-15 03:34:56,441 | INFO | Idle avatar swapped to index 1
2026-02-15 03:34:56,634 | INFO | App start / rerun
2026-02-15 03:34:58,222 | INFO | App start / rerun
2026-02-15 03:35:00,247 | INFO | App start / rerun
2026-02-15 03:35:02,697 | INFO | App start / rerun
2026-02-15 03:35:10,940 | ERROR | profiles upsert failed: Error PGRST204:
Message: Could not find the 'email' column of 'profiles' in the schema cache
2026-02-15 03:35:13,458 | INFO | App start / rerun
2026-02-15 03:35:21,321 | ERROR | profiles upsert failed: Error PGRST204:
Message: Could not find the 'email' column of 'profiles' in the schema cache
2026-02-15 03:35:21,584 | ERROR | profiles upsert failed: Error PGRST204:
Message: Could not find the 'email' column of 'profiles' in the schema cache
2026-02-15 03:35:26,883 | ERROR | profiles upsert failed: Error PGRST204:
Message: Could not find the 'email' column of 'profiles' in the schema cache
2026-02-15 03:35:27,018 | INFO | Cloud load once: ok=False msg=No cloud state yet.
2026-02-15 03:35:27,024 | INFO | Vitals tick applied (dt=97.3s).
2026-02-15 03:35:27,329 | INFO | App start / rerun
2026-02-15 03:35:35,487 | ERROR | profiles upsert failed: Error PGRST204:
Message: Could not find the 'email' column of 'profiles' in the schema cache
2026-02-15 03:35:36,791 | INFO | Idle avatar swapped to index 0
2026-02-15 03:36:19,600 | INFO | App start / rerun
2026-02-15 03:36:46,818 | INFO | App start / rerun
2026-02-15 03:36:50,238 | INFO | Idle avatar swapped to index 1
2026-02-15 03:36:50,256 | INFO | Arcade RPS played: user=Comet nebula=Comet
2026-02-15 03:36:50,356 | INFO | App start / rerun
2026-02-15 03:49:45,434 | INFO | App start / rerun
2026-02-15 03:50:20,024 | INFO | App start / rerun
2026-02-15 03:50:25,493 | INFO | App start / rerun
2026-02-15 03:50:26,798 | INFO | App start / rerun
2026-02-15 03:50:28,901 | INFO | App start / rerun
2026-02-15 03:50:37,068 | ERROR | profiles upsert/verify failed: Error PGRST204:
Message: Could not find the 'email' column of 'profiles' in the schema cache
2026-02-15 03:50:42,788 | INFO | App start / rerun
2026-02-15 03:50:42,851 | ERROR | profiles upsert/verify failed: Error PGRST204:
Message: Could not find the 'email' column of 'profiles' in the schema cache
2026-02-15 03:50:43,022 | INFO | Cloud load once: ok=False msg=No cloud state yet.
2026-02-15 03:50:50,760 | ERROR | profiles upsert/verify failed: Error PGRST204:
Message: Could not find the 'email' column of 'profiles' in the schema cache
2026-02-15 03:50:51,061 | ERROR | profiles upsert/verify failed: Error PGRST204:
Message: Could not find the 'email' column of 'profiles' in the schema cache
2026-02-15 03:50:56,807 | ERROR | profiles upsert/verify failed: Error PGRST204:
Message: Could not find the 'email' column of 'profiles' in the schema cache
2026-02-15 03:50:56,965 | INFO | Cloud load once: ok=False msg=No cloud state yet.
2026-02-15 03:50:56,966 | INFO | Idle avatar swapped to index 1
2026-02-15 03:50:57,155 | INFO | App start / rerun
2026-02-15 03:52:11,166 | INFO | App start / rerun
2026-02-15 08:50:52,386 | INFO | App start / rerun
2026-02-15 09:17:42,231 | INFO | App start / rerun
2026-02-15 09:17:57,853 | INFO | App start / rerun
2026-02-15 09:18:04,711 | INFO | App start / rerun
2026-02-15 09:18:04,878 | INFO | App start / rerun
2026-02-15 09:22:56,015 | INFO | App start / rerun
2026-02-15 09:23:15,124 | INFO | App start / rerun
2026-02-15 09:23:20,315 | INFO | App start / rerun
2026-02-15 09:23:20,511 | INFO | App start / rerun
2026-02-15 09:39:58,527 | INFO | App start / rerun
2026-02-15 09:40:13,165 | INFO | App start / rerun
2026-02-15 09:40:18,138 | INFO | App start / rerun
2026-02-15 09:40:18,314 | INFO | App start / rerun
2026-02-15 10:45:09,501 | INFO | App start / rerun
2026-02-15 10:56:48,951 | INFO | App start / rerun
2026-02-15 10:56:52,384 | INFO | Vitals tick applied (dt=180.0s).
2026-02-15 10:56:52,386 | INFO | Idle avatar swapped to index 1
2026-02-15 10:56:52,576 | INFO | App start / rerun
2026-02-15 10:56:53,999 | INFO | App start / rerun
2026-02-15 10:56:54,092 | INFO | App start / rerun
2026-02-15 10:57:00,335 | INFO | App start / rerun
2026-02-15 10:58:00,698 | INFO | App start / rerun
2026-02-15 10:58:16,672 | INFO | App start / rerun
2026-02-15 10:58:29,951 | INFO | App start / rerun
2026-02-15 10:58:35,813 | INFO | App start / rerun
2026-02-15 10:58:35,991 | INFO | App start / rerun
2026-02-15 10:58:37,660 | INFO | App start / rerun
2026-02-15 10:58:46,340 | ERROR | profiles upsert failed: Error PGRST204:
Message: Could not find the 'email' column of 'profiles' in the schema cache
2026-02-15 10:58:51,882 | ERROR | profiles upsert failed: Error PGRST204:
Message: Could not find the 'email' column of 'profiles' in the schema cache
2026-02-15 10:58:52,017 | INFO | Cloud load once: ok=False msg=No cloud state yet.
2026-02-15 10:59:16,078 | INFO | App start / rerun
2026-02-15 10:59:24,006 | ERROR | profiles upsert failed: Error PGRST204:
Message: Could not find the 'email' column of 'profiles' in the schema cache
2026-02-15 10:59:24,327 | ERROR | profiles upsert failed: Error PGRST204:
Message: Could not find the 'email' column of 'profiles' in the schema cache
2026-02-15 10:59:25,449 | INFO | Idle avatar swapped to index 1
2026-02-15 10:59:25,630 | INFO | App start / rerun
2026-02-15 10:59:33,842 | ERROR | profiles upsert failed: Error PGRST204:
Message: Could not find the 'email' column of 'profiles' in the schema cache
2026-02-15 10:59:35,353 | INFO | App start / rerun
2026-02-15 10:59:43,530 | ERROR | profiles upsert failed: Error PGRST204:
Message: Could not find the 'email' column of 'profiles' in the schema cache
2026-02-15 10:59:44,766 | INFO | Vitals tick applied (dt=83.9s).
2026-02-15 11:46:33,191 | INFO | App start / rerun
2026-02-15 11:46:51,213 | INFO | App start / rerun
2026-02-15 11:46:53,767 | INFO | User message received (32 chars)
2026-02-15 11:47:00,132 | INFO | TTS speak() called.
2026-02-15 11:47:00,132 | INFO | output.mp3 present (bytes=141696).
2026-02-15 11:47:00,147 | INFO | Turn complete; rerunning
2026-02-15 11:47:00,229 | INFO | App start / rerun
2026-02-15 11:47:26,331 | INFO | App start / rerun
2026-02-15 11:47:28,889 | INFO | Idle avatar swapped to index 1
2026-02-15 11:47:28,951 | INFO | User message received (97 chars)
2026-02-15 11:47:34,205 | INFO | TTS speak() called.
2026-02-15 11:47:34,206 | INFO | output.mp3 present (bytes=137856).
2026-02-15 11:47:34,222 | INFO | Turn complete; rerunning
2026-02-15 11:47:34,306 | INFO | App start / rerun
2026-02-15 11:47:37,009 | INFO | App start / rerun
2026-02-15 11:47:39,703 | INFO | App start / rerun
2026-02-15 11:47:58,865 | INFO | App start / rerun
2026-02-15 11:48:01,415 | INFO | Vitals tick applied (dt=84.3s).
2026-02-15 11:48:01,415 | INFO | Idle avatar swapped to index 0
2026-02-15 11:48:02,904 | INFO | App start / rerun
2026-02-15 11:48:02,998 | INFO | App start / rerun
2026-02-15 11:48:05,070 | INFO | App start / rerun
2026-02-15 11:48:16,201 | INFO | Cloud load once: ok=False msg=No cloud state yet.
2026-02-15 11:48:32,314 | INFO | App start / rerun
2026-02-15 11:48:41,978 | INFO | Idle avatar swapped to index 1
2026-02-15 11:48:42,235 | INFO | App start / rerun
2026-02-15 11:48:51,991 | INFO | App start / rerun
2026-02-15 13:01:40,700 | INFO | App start / rerun
2026-02-15 13:02:03,912 | INFO | App start / rerun
2026-02-15 13:02:11,355 | INFO | App start / rerun
2026-02-15 13:02:15,255 | INFO | App start / rerun
2026-02-15 13:02:21,086 | INFO | Idle avatar swapped to index 1
2026-02-15 13:03:01,344 | INFO | App start / rerun
2026-02-15 13:03:16,740 | INFO | App start / rerun
2026-02-15 13:03:20,689 | INFO | App start / rerun
2026-02-15 13:03:21,338 | INFO | App start / rerun
2026-02-15 13:03:23,034 | INFO | App start / rerun
2026-02-15 13:03:36,872 | INFO | Cloud load once: ok=True msg=Loaded cloud state.
2026-02-15 13:03:36,873 | INFO | Idle avatar swapped to index 1
2026-02-15 13:03:48,530 | INFO | App start / rerun
2026-02-15 13:03:58,410 | INFO | App start / rerun
2026-02-15 13:04:08,102 | INFO | App start / rerun
2026-02-15 13:04:17,227 | INFO | Idle avatar swapped to index 0
2026-02-15 13:15:59,564 | INFO | App start / rerun
2026-02-15 13:16:11,249 | INFO | App start / rerun
2026-02-15 13:16:22,590 | INFO | App start / rerun
2026-02-15 13:16:26,088 | INFO | App start / rerun
2026-02-15 13:16:27,710 | INFO | App start / rerun
2026-02-15 13:16:32,680 | INFO | Idle avatar swapped to index 1
2026-02-15 13:17:16,042 | INFO | App start / rerun
2026-02-15 13:17:16,246 | INFO | App start / rerun
2026-02-15 13:17:20,319 | INFO | Vitals tick applied (dt=75.6s).
2026-02-15 13:17:20,320 | INFO | Idle avatar swapped to index 0
2026-02-15 13:17:20,458 | INFO | App start / rerun
2026-02-15 13:17:24,019 | INFO | App start / rerun
2026-02-15 13:17:35,412 | INFO | App start / rerun
2026-02-15 13:17:39,901 | INFO | App start / rerun
2026-02-15 13:17:41,176 | INFO | App start / rerun
2026-02-15 13:23:40,950 | INFO | App start / rerun
2026-02-15 13:23:54,843 | INFO | App start / rerun
2026-02-15 13:24:00,767 | INFO | App start / rerun
2026-02-15 13:24:02,017 | INFO | App start / rerun
2026-02-15 13:24:04,053 | INFO | App start / rerun
2026-02-15 13:24:15,444 | INFO | Cloud load once: ok=False msg=No cloud state yet.
2026-02-15 13:24:15,445 | INFO | Idle avatar swapped to index 1
2026-02-15 13:24:25,455 | INFO | App start / rerun
2026-02-15 13:24:33,377 | INFO | App start / rerun
2026-02-15 13:24:41,111 | INFO | App start / rerun
2026-02-15 13:24:42,206 | INFO | App start / rerun
2026-02-15 13:24:49,902 | INFO | Idle avatar swapped to index 0
2026-02-15 13:32:31,314 | INFO | App start / rerun
2026-02-15 13:32:46,593 | INFO | App start / rerun
2026-02-15 13:32:51,367 | INFO | App start / rerun
2026-02-15 13:32:55,267 | INFO | App start / rerun
2026-02-15 13:32:57,041 | INFO | App start / rerun
2026-02-15 13:33:09,000 | INFO | App start / rerun
2026-02-15 13:33:24,818 | INFO | Cloud load once: ok=True msg=Loaded cloud state.
2026-02-15 13:33:24,819 | INFO | Idle avatar swapped to index 1
2026-02-15 13:33:25,003 | INFO | App start / rerun
2026-02-15 13:33:34,750 | INFO | App start / rerun
2026-02-15 13:56:08,066 | INFO | App start / rerun
2026-02-15 13:56:18,260 | INFO | Vitals tick applied (dt=180.0s).
2026-02-15 13:56:18,262 | INFO | Idle avatar swapped to index 0
2026-02-15 13:56:23,013 | INFO | App start / rerun
2026-02-15 13:56:32,726 | INFO | App start / rerun
2026-02-15 13:56:55,891 | INFO | App start / rerun
2026-02-15 13:57:16,758 | INFO | App start / rerun
2026-02-15 13:57:19,394 | INFO | App start / rerun
2026-02-15 13:57:22,856 | INFO | App start / rerun
2026-02-15 13:57:24,534 | INFO | App start / rerun
2026-02-15 13:57:38,735 | INFO | Cloud load once: ok=True msg=Loaded cloud state.
2026-02-15 13:57:38,736 | INFO | Idle avatar swapped to index 1
2026-02-15 13:57:42,209 | INFO | App start / rerun
2026-02-15 13:57:55,980 | INFO | App start / rerun
2026-02-15 13:58:05,455 | INFO | App start / rerun
2026-02-15 13:58:14,957 | INFO | App start / rerun
2026-02-15 13:58:24,188 | INFO | Vitals tick applied (dt=84.0s).
2026-02-15 13:58:24,189 | INFO | Idle avatar swapped to index 0
2026-02-15 13:59:39,761 | INFO | App start / rerun
2026-02-15 13:59:49,106 | INFO | Idle avatar swapped to index 1
2026-02-15 13:59:49,188 | INFO | User message received (13 chars)
2026-02-15 13:59:54,225 | INFO | TTS speak() called.
2026-02-15 13:59:54,226 | INFO | output.mp3 present (bytes=67968).
2026-02-15 13:59:58,912 | INFO | Turn complete; rerunning
2026-02-15 13:59:59,031 | INFO | App start / rerun
2026-02-15 14:00:08,938 | INFO | Vitals tick applied (dt=104.7s).
2026-02-15 14:00:09,162 | INFO | App start / rerun
2026-02-15 14:00:19,585 | INFO | App start / rerun
2026-02-15 14:00:29,391 | INFO | Idle avatar swapped to index 0
2026-02-15 14:00:37,821 | INFO | App start / rerun
2026-02-15 14:00:47,277 | INFO | User message received (28 chars)
2026-02-15 14:00:52,234 | INFO | TTS speak() called.
2026-02-15 14:00:52,235 | INFO | output.mp3 present (bytes=165888).
2026-02-15 14:00:56,592 | INFO | Turn complete; rerunning
2026-02-15 14:00:56,692 | INFO | App start / rerun
2026-02-15 14:01:05,879 | INFO | Idle avatar swapped to index 1
2026-02-15 14:01:06,091 | INFO | App start / rerun
2026-02-15 14:01:15,491 | INFO | App start / rerun
2026-02-15 14:04:55,987 | INFO | App start / rerun
2026-02-15 14:10:28,364 | INFO | App start / rerun
2026-02-15 14:10:45,034 | INFO | App start / rerun
2026-02-15 14:10:50,586 | INFO | App start / rerun
2026-02-15 14:10:52,902 | INFO | App start / rerun
2026-02-15 14:10:54,536 | INFO | App start / rerun
2026-02-15 14:11:04,229 | INFO | App start / rerun
2026-02-15 14:11:15,756 | INFO | Cloud load once: ok=True msg=Loaded cloud state.
2026-02-15 14:11:15,756 | INFO | Idle avatar swapped to index 1
2026-02-15 14:11:24,132 | INFO | App start / rerun
2026-02-15 14:11:35,803 | INFO | App start / rerun
2026-02-15 14:11:44,670 | INFO | App start / rerun
2026-02-15 14:11:54,513 | INFO | Vitals tick applied (dt=82.2s).
2026-02-15 14:11:54,515 | INFO | Idle avatar swapped to index 0
2026-02-15 14:11:56,416 | INFO | App start / rerun
2026-02-15 14:12:10,072 | INFO | App start / rerun
2026-02-15 16:13:44,816 | INFO | App start / rerun
2026-02-15 16:14:02,668 | INFO | App start / rerun
2026-02-15 16:14:06,957 | INFO | App start / rerun
2026-02-15 16:14:09,472 | INFO | App start / rerun
2026-02-15 16:14:11,901 | INFO | App start / rerun
2026-02-15 16:14:21,650 | INFO | App start / rerun
2026-02-15 16:14:32,802 | INFO | Cloud load once: ok=True msg=Loaded cloud state.
2026-02-15 16:14:32,802 | INFO | Idle avatar swapped to index 1
2026-02-15 16:14:32,954 | INFO | App start / rerun
2026-02-15 16:14:40,355 | INFO | App start / rerun
2026-02-15 16:14:56,102 | INFO | App start / rerun
2026-02-15 16:15:08,199 | INFO | App start / rerun
2026-02-15 16:15:15,314 | INFO | Vitals tick applied (dt=86.6s).
2026-02-15 16:15:15,314 | INFO | Idle avatar swapped to index 0
2026-02-15 16:15:18,716 | INFO | App start / rerun
2026-02-15 16:17:59,661 | INFO | App start / rerun
2026-02-15 16:18:06,921 | INFO | Vitals tick applied (dt=171.6s).
2026-02-15 16:18:06,922 | INFO | Idle avatar swapped to index 1
2026-02-15 16:18:10,232 | INFO | App start / rerun
2026-02-15 16:18:17,585 | INFO | App start / rerun
2026-02-15 16:18:24,842 | INFO | App start / rerun
2026-02-15 16:18:49,472 | INFO | App start / rerun
2026-02-15 16:18:56,577 | INFO | Idle avatar swapped to index 0
2026-02-15 16:18:56,616 | INFO | User message received (29 chars)
2026-02-15 16:19:04,227 | INFO | TTS speak() called.
2026-02-15 16:19:04,227 | INFO | output.mp3 present (bytes=118656).
2026-02-15 16:19:07,736 | INFO | Turn complete; rerunning
2026-02-15 16:19:07,823 | INFO | App start / rerun
2026-02-15 16:43:07,351 | INFO | App start / rerun
2026-02-15 16:43:28,777 | INFO | App start / rerun
2026-02-15 16:43:48,152 | INFO | App start / rerun
2026-02-15 16:43:50,526 | INFO | User message received (7 chars)
2026-02-15 16:43:54,668 | INFO | TTS speak() called.
2026-02-15 16:43:54,669 | INFO | output.mp3 present (bytes=81792).
2026-02-15 16:43:54,682 | INFO | Turn complete; rerunning
2026-02-15 16:43:54,764 | INFO | App start / rerun
2026-02-15 18:50:59,567 | INFO | App start / rerun
2026-02-15 18:51:47,963 | INFO | App start / rerun
2026-02-15 18:51:50,271 | INFO | Idle avatar swapped to index 1
2026-02-15 18:51:50,337 | INFO | User message received (76 chars)
2026-02-15 18:51:55,810 | INFO | TTS speak() called.
2026-02-15 18:51:55,811 | INFO | output.mp3 present (bytes=160896).
2026-02-15 18:51:55,826 | INFO | Turn complete; rerunning
2026-02-15 18:51:55,901 | INFO | App start / rerun
2026-02-15 18:51:58,370 | INFO | App start / rerun
2026-02-15 18:52:00,822 | INFO | App start / rerun
2026-02-15 21:37:18,844 | INFO | App start / rerun
2026-02-15 23:03:45,633 | INFO | App start / rerun
2026-02-16 10:57:13,749 | INFO | App start / rerun
2026-02-16 11:19:41,414 | INFO | App start / rerun
2026-02-16 11:51:12,863 | INFO | App start / rerun
2026-02-16 12:16:59,707 | INFO | App start / rerun
2026-02-16 12:17:19,061 | INFO | App start / rerun
2026-02-16 12:17:22,611 | INFO | User message received (14 chars)
2026-02-16 12:17:27,889 | INFO | TTS speak() called.
2026-02-16 12:17:27,890 | INFO | output.mp3 present (bytes=79488).
2026-02-16 12:17:27,908 | INFO | Turn complete; rerunning
2026-02-16 12:17:28,015 | INFO | App start / rerun
2026-02-16 12:32:11,173 | INFO | App start / rerun
2026-02-16 12:40:59,408 | INFO | App start / rerun
2026-02-16 12:41:20,533 | INFO | App start / rerun
2026-02-16 12:44:43,903 | INFO | App start / rerun
2026-02-16 13:26:41,097 | INFO | App start / rerun
2026-02-16 13:27:41,857 | INFO | App start / rerun
2026-02-16 13:43:35,657 | INFO | App start / rerun
2026-02-16 13:47:20,781 | INFO | App start / rerun
2026-02-16 13:55:23,616 | INFO | App start / rerun
2026-02-16 15:51:49,781 | INFO | App start / rerun
2026-02-16 15:52:14,449 | INFO | App start / rerun
2026-02-16 15:52:17,797 | INFO | User message received (16 chars)
2026-02-16 15:52:22,869 | INFO | TTS speak() called.
2026-02-16 15:52:22,870 | INFO | output.mp3 present (bytes=91392).
2026-02-16 15:52:22,886 | INFO | Turn complete; rerunning
2026-02-16 15:52:22,968 | INFO | App start / rerun
2026-02-16 15:54:33,478 | INFO | App start / rerun
2026-02-16 15:54:36,701 | INFO | Vitals tick applied (dt=161.7s).
2026-02-16 15:54:36,702 | INFO | Idle avatar swapped to index 1
2026-02-16 15:54:36,827 | INFO | User message received (9 chars)
2026-02-16 15:54:41,010 | INFO | TTS speak() called.
2026-02-16 15:54:41,010 | INFO | output.mp3 present (bytes=95232).
2026-02-16 15:54:41,026 | INFO | Turn complete; rerunning
2026-02-16 15:54:41,110 | INFO | App start / rerun
2026-02-16 15:54:44,599 | INFO | App start / rerun
2026-02-16 15:54:48,118 | INFO | App start / rerun
2026-02-16 15:59:06,803 | INFO | App start / rerun
2026-02-16 15:59:10,096 | INFO | Vitals tick applied (dt=180.0s).
2026-02-16 15:59:10,096 | INFO | Idle avatar swapped to index 0
2026-02-16 15:59:10,181 | INFO | User message received (19 chars)
2026-02-16 15:59:14,673 | INFO | TTS speak() called.
2026-02-16 15:59:14,674 | INFO | output.mp3 present (bytes=118656).
2026-02-16 15:59:14,696 | INFO | Turn complete; rerunning
2026-02-16 15:59:14,850 | INFO | App start / rerun
2026-02-16 15:59:18,611 | INFO | App start / rerun
2026-02-16 15:59:22,521 | INFO | App start / rerun
2026-02-16 16:15:14,030 | INFO | App start / rerun
2026-02-16 16:16:07,654 | INFO | App start / rerun
2026-02-16 16:16:43,336 | INFO | App start / rerun
2026-02-16 16:16:46,436 | INFO | Idle avatar swapped to index 1
2026-02-16 16:16:46,540 | INFO | User message received (69 chars)
2026-02-16 16:16:50,946 | INFO | TTS speak() called.
2026-02-16 16:16:50,946 | INFO | output.mp3 present (bytes=111360).
2026-02-16 16:16:50,962 | INFO | Turn complete; rerunning
2026-02-16 16:16:51,048 | INFO | App start / rerun
2026-02-16 16:16:54,405 | INFO | App start / rerun
2026-02-16 16:16:57,727 | INFO | App start / rerun
2026-02-16 16:17:53,902 | INFO | App start / rerun
2026-02-16 16:17:57,024 | INFO | Vitals tick applied (dt=105.2s).
2026-02-16 16:17:57,025 | INFO | Idle avatar swapped to index 0
2026-02-16 16:17:57,095 | INFO | User message received (41 chars)
2026-02-16 16:18:00,734 | INFO | TTS speak() called.
2026-02-16 16:18:00,734 | INFO | output.mp3 present (bytes=137856).
2026-02-16 16:18:00,750 | INFO | Turn complete; rerunning
2026-02-16 16:18:00,834 | INFO | App start / rerun
2026-02-16 16:18:04,143 | INFO | App start / rerun
2026-02-16 16:18:07,458 | INFO | App start / rerun
2026-02-16 16:28:21,043 | INFO | App start / rerun
2026-02-16 18:08:59,383 | INFO | App start / rerun
2026-02-16 18:12:37,540 | INFO | App start / rerun
2026-02-16 18:12:39,867 | INFO | Vitals tick applied (dt=180.0s).
2026-02-16 18:12:39,868 | INFO | Idle avatar swapped to index 1
2026-02-16 18:12:39,951 | INFO | User message received (14 chars)
2026-02-16 18:12:43,630 | INFO | TTS speak() called.
2026-02-16 18:12:43,630 | INFO | output.mp3 present (bytes=74496).
2026-02-16 18:12:43,644 | INFO | Turn complete; rerunning
2026-02-16 18:12:43,720 | INFO | App start / rerun
2026-02-16 18:12:46,203 | INFO | App start / rerun
2026-02-16 18:12:48,675 | INFO | App start / rerun
2026-02-16 21:01:29,232 | INFO | App start / rerun
2026-02-19 01:42:36,113 | INFO | App start / rerun
2026-02-19 02:25:54,556 | INFO | App start / rerun
2026-02-19 02:33:48,139 | INFO | App start / rerun
2026-02-19 02:42:27,190 | INFO | App start / rerun
2026-02-19 02:57:08,881 | INFO | App start / rerun
2026-02-19 03:14:08,723 | INFO | App start / rerun
2026-02-19 03:27:10,679 | INFO | App start / rerun
2026-02-19 03:57:00,445 | INFO | App start / rerun
2026-02-19 04:09:58,892 | INFO | App start / rerun
2026-02-19 09:36:41,131 | INFO | App start / rerun
2026-02-19 09:40:30,376 | INFO | App start / rerun
2026-02-19 10:12:54,468 | INFO | App start / rerun
2026-02-19 10:22:17,776 | INFO | App start / rerun
2026-02-19 10:27:59,694 | INFO | App start / rerun
2026-02-19 10:28:46,623 | INFO | App start / rerun
2026-02-19 10:28:50,019 | INFO | Idle avatar swapped to index 1
2026-02-19 10:28:50,152 | INFO | User message received (13 chars)
2026-02-19 10:28:56,100 | INFO | TTS speak() called.
2026-02-19 10:28:56,101 | INFO | output.mp3 present (bytes=104064).
2026-02-19 10:28:56,118 | INFO | Turn complete; rerunning
2026-02-19 10:28:56,206 | INFO | App start / rerun
2026-02-19 10:29:00,041 | INFO | App start / rerun
2026-02-19 10:29:03,830 | INFO | App start / rerun
2026-02-19 11:19:53,312 | INFO | App start / rerun
2026-02-19 11:26:44,266 | INFO | App start / rerun
2026-02-19 11:31:28,105 | INFO | App start / rerun
2026-02-19 12:54:13,156 | INFO | App start / rerun
2026-02-19 12:54:15,724 | INFO | Vitals tick applied (dt=180.0s).
2026-02-19 12:54:15,725 | INFO | Idle avatar swapped to index 1
2026-02-19 12:54:15,822 | INFO | User message received (31 chars)
2026-02-19 12:54:20,916 | INFO | TTS speak() called.
2026-02-19 12:54:20,917 | INFO | output.mp3 present (bytes=112128).
2026-02-19 12:54:20,930 | INFO | Turn complete; rerunning
2026-02-19 12:54:21,027 | INFO | App start / rerun
2026-02-19 12:54:23,723 | INFO | App start / rerun
2026-02-19 12:54:26,439 | INFO | App start / rerun
2026-02-19 12:58:50,193 | INFO | App start / rerun
2026-02-19 13:07:05,929 | INFO | App start / rerun
2026-02-19 13:07:44,522 | INFO | App start / rerun
2026-02-19 13:07:47,923 | INFO | Idle avatar swapped to index 1
2026-02-19 13:07:48,048 | INFO | User message received (148 chars)
2026-02-19 13:07:54,772 | INFO | TTS speak() called.
2026-02-19 13:07:54,773 | INFO | output.mp3 present (bytes=185088).
2026-02-19 13:07:54,791 | INFO | Turn complete; rerunning
2026-02-19 13:07:54,878 | INFO | App start / rerun
2026-02-19 13:07:58,486 | INFO | App start / rerun
2026-02-19 13:08:02,108 | INFO | App start / rerun
2026-02-19 13:08:09,730 | INFO | App start / rerun
2026-02-19 13:08:13,344 | INFO | App start / rerun
2026-02-19 13:08:16,670 | INFO | Idle avatar swapped to index 0
2026-02-19 13:09:03,249 | INFO | App start / rerun
2026-02-19 13:09:06,635 | INFO | Vitals tick applied (dt=115.6s).
2026-02-19 13:09:06,635 | INFO | Idle avatar swapped to index 1
2026-02-19 13:09:06,859 | INFO | App start / rerun
2026-02-19 13:09:10,513 | INFO | App start / rerun
2026-02-19 13:09:14,164 | INFO | App start / rerun
2026-02-19 13:11:32,219 | INFO | App start / rerun
2026-02-19 13:11:35,732 | INFO | Vitals tick applied (dt=149.1s).
2026-02-19 13:11:35,733 | INFO | Idle avatar swapped to index 0
2026-02-19 13:11:35,910 | INFO | App start / rerun
2026-02-19 13:11:39,568 | INFO | App start / rerun
2026-02-19 13:11:41,024 | INFO | App start / rerun
2026-02-19 13:11:44,387 | INFO | Arcade RPS played: user=Paper nebula=Paper
2026-02-19 13:11:44,482 | INFO | App start / rerun
2026-02-19 13:11:59,358 | INFO | App start / rerun
2026-02-19 13:12:02,894 | INFO | App start / rerun
2026-02-19 15:30:29,354 | INFO | App start / rerun
2026-02-19 15:30:55,441 | INFO | App start / rerun
2026-02-19 15:31:00,599 | INFO | App start / rerun
2026-02-19 15:31:03,900 | INFO | Idle avatar swapped to index 1
2026-02-19 15:31:06,134 | INFO | App start / rerun
2026-02-19 15:31:08,750 | INFO | App start / rerun
2026-02-19 15:31:23,132 | INFO | Cloud load once: ok=True msg=Loaded cloud state.
2026-02-19 15:32:05,510 | INFO | App start / rerun
2026-02-19 15:32:15,005 | INFO | Vitals tick applied (dt=100.3s).
2026-02-19 15:32:15,006 | INFO | Idle avatar swapped to index 0
2026-02-19 15:32:15,095 | INFO | App start / rerun
2026-02-19 15:32:29,394 | INFO | Dirty sync: ok=True msg=Synced full state to cloud.
2026-02-19 15:32:44,616 | INFO | App start / rerun
2026-02-19 15:32:53,933 | INFO | User message received (34 chars)
2026-02-19 15:33:02,079 | INFO | TTS speak() called.
2026-02-19 15:33:02,079 | INFO | output.mp3 present (bytes=151296).
2026-02-19 15:33:02,097 | INFO | Turn complete; rerunning
2026-02-19 15:33:02,185 | INFO | App start / rerun
2026-02-19 15:33:16,125 | INFO | Dirty sync: ok=True msg=Synced full state to cloud.
2026-02-19 16:26:11,373 | INFO | App start / rerun
2026-02-19 16:26:19,903 | INFO | Vitals tick applied (dt=180.0s).
2026-02-19 16:26:19,960 | INFO | User message received (247 chars)
2026-02-19 16:26:26,091 | INFO | TTS speak() called.
2026-02-19 16:26:26,092 | INFO | output.mp3 present (bytes=219264).
2026-02-19 16:26:26,109 | INFO | Turn complete; rerunning
2026-02-19 16:26:26,193 | INFO | App start / rerun
2026-02-19 16:26:37,471 | INFO | Dirty sync: ok=True msg=Synced full state to cloud.
2026-02-19 16:27:04,893 | INFO | App start / rerun
2026-02-19 16:27:17,739 | INFO | App start / rerun
2026-02-19 16:27:24,916 | INFO | User message received (6 chars)
2026-02-19 16:27:30,813 | INFO | TTS speak() called.
2026-02-19 16:27:30,814 | INFO | output.mp3 present (bytes=108288).
2026-02-19 16:27:30,829 | INFO | Turn complete; rerunning
2026-02-19 16:27:30,918 | INFO | App start / rerun
2026-02-19 16:27:41,583 | INFO | Dirty sync: ok=True msg=Synced full state to cloud.
2026-02-19 16:28:13,696 | INFO | App start / rerun
2026-02-19 16:28:20,846 | INFO | Vitals tick applied (dt=120.9s).
2026-02-19 16:28:20,905 | INFO | User message received (124 chars)
2026-02-19 16:28:27,332 | INFO | TTS speak() called.
2026-02-19 16:28:27,332 | INFO | output.mp3 present (bytes=190464).
2026-02-19 16:28:27,350 | INFO | Turn complete; rerunning
2026-02-19 16:28:27,433 | INFO | App start / rerun
2026-02-19 16:28:37,882 | INFO | Dirty sync: ok=True msg=Synced full state to cloud.
2026-02-19 16:28:47,228 | INFO | App start / rerun
2026-02-19 16:28:54,398 | INFO | App start / rerun
2026-02-19 16:29:10,084 | INFO | App start / rerun
2026-02-19 16:29:17,239 | INFO | App start / rerun
2026-02-19 16:37:00,764 | INFO | App start / rerun
2026-02-19 16:37:26,248 | INFO | App start / rerun
2026-02-19 16:37:28,616 | INFO | App start / rerun
2026-02-19 16:39:03,649 | INFO | App start / rerun
2026-02-19 16:39:05,882 | INFO | Expedition completion staged: sector=Asteroid Belt xp=20 item=Apple
2026-02-19 16:39:05,887 | INFO | Vitals tick applied (dt=122.9s).
2026-02-19 16:39:05,888 | INFO | Idle avatar swapped to index 1
2026-02-19 16:39:06,049 | INFO | App start / rerun
2026-02-19 16:39:08,425 | INFO | App start / rerun
2026-02-19 16:39:14,842 | INFO | App start / rerun
2026-02-19 16:39:15,124 | INFO | App start / rerun
2026-02-19 16:39:18,317 | INFO | App start / rerun
2026-02-19 16:39:23,942 | INFO | Cloud load once: ok=True msg=Loaded cloud state.
2026-02-19 16:39:32,276 | INFO | Dirty sync: ok=True msg=Synced full state to cloud.
2026-02-19 16:39:52,094 | INFO | App start / rerun
2026-02-19 16:40:01,124 | INFO | Idle avatar swapped to index 0
2026-02-19 16:40:01,282 | INFO | App start / rerun
2026-02-19 16:40:06,265 | INFO | App start / rerun
2026-02-19 17:18:44,126 | INFO | App start / rerun
2026-02-19 17:19:01,762 | INFO | App start / rerun
2026-02-19 17:19:06,685 | INFO | App start / rerun
2026-02-19 17:19:06,788 | INFO | App start / rerun
2026-02-19 17:19:09,772 | INFO | App start / rerun
2026-02-19 17:19:14,562 | INFO | Cloud load once: ok=True msg=Loaded cloud state.
2026-02-19 17:19:35,027 | INFO | App start / rerun
2026-02-19 17:19:38,768 | INFO | Idle avatar swapped to index 1
2026-02-19 17:19:38,859 | INFO | App start / rerun
2026-02-19 17:19:46,578 | INFO | Dirty sync: ok=True msg=Synced full state to cloud.
2026-02-19 17:19:46,643 | INFO | App start / rerun
2026-02-19 17:19:50,796 | INFO | App start / rerun
2026-02-19 17:20:04,758 | INFO | App start / rerun
2026-02-19 17:20:08,505 | INFO | Vitals tick applied (dt=82.7s).
2026-02-19 17:20:08,506 | INFO | Idle avatar swapped to index 0
2026-02-19 17:20:10,178 | INFO | App start / rerun
2026-02-19 17:20:13,975 | INFO | Arcade RPS played: user=Paper nebula=Paper
2026-02-19 17:20:14,044 | INFO | App start / rerun
2026-02-19 17:20:21,659 | INFO | Dirty sync: ok=True msg=Synced full state to cloud.
2026-02-19 17:20:23,459 | INFO | App start / rerun
2026-02-19 17:20:24,496 | INFO | App start / rerun
2026-02-19 17:20:28,294 | INFO | Arcade RPS played: user=Comet nebula=Paper
2026-02-19 17:20:28,367 | INFO | App start / rerun
2026-02-19 17:20:35,607 | INFO | Dirty sync: ok=True msg=Synced full state to cloud.
2026-02-19 17:20:51,856 | INFO | App start / rerun
2026-02-19 17:20:55,625 | INFO | Idle avatar swapped to index 1
2026-02-19 17:20:55,676 | INFO | User message received (70 chars)
2026-02-19 17:21:02,063 | INFO | TTS speak() called.
2026-02-19 17:21:02,064 | INFO | output.mp3 present (bytes=157824).
2026-02-19 17:21:02,078 | INFO | Turn complete; rerunning
2026-02-19 17:21:02,160 | INFO | App start / rerun
2026-02-19 17:21:09,615 | INFO | Dirty sync: ok=True msg=Synced full state to cloud.
2026-02-19 17:21:09,694 | INFO | App start / rerun
2026-02-19 17:21:13,774 | INFO | App start / rerun
2026-02-19 17:36:23,327 | INFO | App start / rerun
2026-02-19 17:40:04,277 | INFO | App start / rerun
2026-02-19 17:40:32,885 | INFO | App start / rerun
2026-02-19 17:40:34,686 | INFO | App start / rerun
2026-02-19 17:40:43,548 | INFO | App start / rerun
2026-02-19 17:40:45,248 | INFO | Idle avatar swapped to index 1
2026-02-19 17:40:50,524 | INFO | App start / rerun
2026-02-19 17:40:55,342 | INFO | App start / rerun
2026-02-19 17:40:58,360 | INFO | App start / rerun
2026-02-19 17:41:03,062 | INFO | Cloud load once: ok=True msg=Loaded cloud state.
2026-02-19 17:41:09,863 | INFO | Dirty sync: ok=True msg=Synced full state to cloud.
2026-02-19 17:41:09,932 | INFO | App start / rerun
2026-02-19 17:41:13,983 | INFO | App start / rerun
2026-02-19 17:42:57,970 | INFO | App start / rerun
2026-02-19 17:44:18,529 | INFO | App start / rerun
2026-02-19 17:48:45,810 | INFO | App start / rerun
2026-02-19 17:57:14,323 | INFO | App start / rerun
2026-02-19 17:57:16,055 | INFO | Vitals tick applied (dt=180.0s).
2026-02-19 17:57:16,056 | INFO | Idle avatar swapped to index 1
2026-02-19 17:57:16,110 | INFO | User message received (48 chars)
2026-02-19 17:57:21,835 | INFO | TTS speak() called.
2026-02-19 17:57:21,836 | INFO | output.mp3 present (bytes=119424).
2026-02-19 17:57:21,850 | INFO | Turn complete; rerunning
2026-02-19 17:57:21,941 | INFO | App start / rerun
2026-02-19 17:57:23,831 | INFO | App start / rerun
2026-02-19 17:57:25,749 | INFO | App start / rerun
2026-02-19 17:58:12,112 | INFO | App start / rerun
2026-02-19 17:58:13,818 | INFO | Idle avatar swapped to index 0
2026-02-19 17:58:13,963 | INFO | App start / rerun
2026-02-19 18:01:48,096 | INFO | App start / rerun
2026-02-19 18:01:49,838 | INFO | Vitals tick applied (dt=180.0s).
2026-02-19 18:01:49,839 | INFO | Idle avatar swapped to index 1
2026-02-19 18:01:49,906 | INFO | User message received (100 chars)
2026-02-19 18:01:55,277 | INFO | TTS speak() called.
2026-02-19 18:01:55,278 | INFO | output.mp3 present (bytes=217728).
2026-02-19 18:01:55,295 | INFO | Turn complete; rerunning
2026-02-19 18:01:55,378 | INFO | App start / rerun
2026-02-19 18:01:57,329 | INFO | App start / rerun
2026-02-19 18:01:59,311 | INFO | App start / rerun
2026-02-19 18:02:05,946 | INFO | App start / rerun
2026-02-19 18:02:07,838 | INFO | App start / rerun
2026-02-19 18:03:35,153 | INFO | App start / rerun
2026-02-19 18:03:36,892 | INFO | Vitals tick applied (dt=107.1s).
2026-02-19 18:03:36,893 | INFO | Idle avatar swapped to index 0
2026-02-19 18:03:36,950 | INFO | User message received (78 chars)
2026-02-19 18:03:41,207 | INFO | TTS speak() called.
2026-02-19 18:03:41,207 | INFO | output.mp3 present (bytes=225024).
2026-02-19 18:03:41,224 | INFO | Turn complete; rerunning
2026-02-19 18:03:41,307 | INFO | App start / rerun
2026-02-19 18:03:43,233 | INFO | App start / rerun
2026-02-19 18:03:45,170 | INFO | App start / rerun
2026-02-19 18:03:50,951 | INFO | App start / rerun
2026-02-19 18:03:52,824 | INFO | App start / rerun
2026-02-19 18:05:01,121 | INFO | App start / rerun
2026-02-19 18:05:02,878 | INFO | Vitals tick applied (dt=86.0s).
2026-02-19 18:05:02,879 | INFO | Idle avatar swapped to index 1
2026-02-19 18:05:02,945 | INFO | User message received (106 chars)
2026-02-19 18:05:08,251 | INFO | TTS speak() called.
2026-02-19 18:05:08,251 | INFO | output.mp3 present (bytes=264960).
2026-02-19 18:05:08,270 | INFO | Turn complete; rerunning
2026-02-19 18:05:08,351 | INFO | App start / rerun
2026-02-19 18:05:10,312 | INFO | App start / rerun
2026-02-19 18:05:12,250 | INFO | App start / rerun
2026-02-19 18:05:20,173 | INFO | App start / rerun
2026-02-19 18:05:22,041 | INFO | App start / rerun
2026-02-19 21:12:30,162 | INFO | App start / rerun
2026-02-19 21:13:22,221 | INFO | App start / rerun
2026-02-19 21:13:24,551 | INFO | Idle avatar swapped to index 1
2026-02-19 21:13:24,721 | INFO | App start / rerun
2026-02-19 21:13:27,327 | INFO | App start / rerun
2026-02-19 21:13:27,928 | INFO | App start / rerun
2026-02-19 21:13:28,110 | INFO | App start / rerun
2026-02-19 21:13:32,018 | INFO | App start / rerun
2026-02-19 21:13:38,483 | INFO | Cloud load once: ok=True msg=Loaded cloud state.
2026-02-19 21:13:53,150 | INFO | App start / rerun
2026-02-19 21:13:58,293 | INFO | Vitals tick applied (dt=85.8s).
2026-02-19 21:13:58,378 | INFO | User message received (32 chars)
2026-02-19 21:14:05,086 | INFO | TTS speak() called.
2026-02-19 21:14:05,087 | INFO | output.mp3 present (bytes=149760).
2026-02-19 21:14:05,105 | INFO | Turn complete; rerunning
2026-02-19 21:14:05,195 | INFO | App start / rerun
2026-02-19 21:14:10,347 | INFO | Idle avatar swapped to index 0
2026-02-19 21:14:15,125 | INFO | Dirty sync: ok=True msg=Synced full state to cloud.
2026-02-19 21:14:51,581 | INFO | App start / rerun
2026-02-19 21:14:57,266 | INFO | Idle avatar swapped to index 1
2026-02-19 21:14:57,389 | INFO | User message received (164 chars)
2026-02-19 21:15:03,298 | INFO | TTS speak() called.
2026-02-19 21:15:03,298 | INFO | output.mp3 present (bytes=192000).
2026-02-19 21:15:03,318 | INFO | Turn complete; rerunning
2026-02-19 21:15:03,431 | INFO | App start / rerun
2026-02-19 21:15:13,095 | INFO | App start / rerun
2026-02-19 21:15:18,279 | INFO | App start / rerun
2026-02-19 21:15:28,802 | INFO | Dirty sync: ok=True msg=Synced full state to cloud.
2026-02-19 21:15:28,914 | INFO | App start / rerun
2026-02-19 21:15:34,429 | INFO | Vitals tick applied (dt=96.1s).
2026-02-19 21:15:34,775 | INFO | App start / rerun
2026-02-19 21:15:40,725 | INFO | Idle avatar swapped to index 0
2026-02-19 21:15:47,414 | INFO | App start / rerun
2026-02-19 21:15:52,944 | INFO | App start / rerun
2026-02-19 21:41:46,126 | INFO | App start / rerun
2026-02-19 21:42:05,433 | INFO | App start / rerun
2026-02-19 21:42:09,717 | INFO | App start / rerun
2026-02-19 21:42:09,886 | INFO | App start / rerun
2026-02-19 21:42:13,852 | INFO | App start / rerun
2026-02-19 21:42:20,195 | INFO | Cloud load once: ok=True msg=Loaded cloud state.
2026-02-19 21:43:09,229 | INFO | App start / rerun
2026-02-19 21:43:14,334 | INFO | Vitals tick applied (dt=85.9s).
2026-02-19 21:43:14,335 | INFO | Idle avatar swapped to index 1
2026-02-19 21:43:14,506 | INFO | App start / rerun
2026-02-19 21:43:19,784 | INFO | App start / rerun
2026-02-19 21:51:30,143 | INFO | App start / rerun
2026-02-19 21:51:34,668 | INFO | Vitals tick applied (dt=180.0s).
2026-02-19 21:51:34,669 | INFO | Idle avatar swapped to index 0
2026-02-19 21:51:34,806 | INFO | App start / rerun
2026-02-19 21:51:38,749 | INFO | App start / rerun
2026-02-19 21:53:17,728 | INFO | App start / rerun
2026-02-19 21:53:27,469 | INFO | App start / rerun
2026-02-19 21:53:54,183 | INFO | App start / rerun
2026-02-19 21:53:55,940 | INFO | User message received (71 chars)
2026-02-19 21:54:00,624 | INFO | TTS speak() called.
2026-02-19 21:54:00,625 | INFO | output.mp3 present (bytes=111360).
2026-02-19 21:54:00,639 | INFO | Turn complete; rerunning
2026-02-19 21:54:00,723 | INFO | App start / rerun
2026-02-19 21:54:02,374 | INFO | Idle avatar swapped to index 1
2026-02-19 21:55:02,153 | INFO | App start / rerun
2026-02-19 21:55:03,873 | INFO | Vitals tick applied (dt=104.3s).
2026-02-19 21:55:03,874 | INFO | Idle avatar swapped to index 0
2026-02-19 21:55:03,927 | INFO | User message received (175 chars)
2026-02-19 21:55:09,297 | INFO | TTS speak() called.
2026-02-19 21:55:09,297 | INFO | output.mp3 present (bytes=145920).
2026-02-19 21:55:09,311 | INFO | Turn complete; rerunning
2026-02-19 21:55:09,390 | INFO | App start / rerun
2026-02-19 21:55:11,293 | INFO | App start / rerun
2026-02-19 21:55:13,173 | INFO | App start / rerun
2026-02-19 21:55:20,419 | INFO | App start / rerun
2026-02-19 21:55:22,274 | INFO | App start / rerun
2026-02-19 21:56:08,152 | INFO | App start / rerun
2026-02-19 21:56:09,868 | INFO | Idle avatar swapped to index 1
2026-02-19 21:56:09,938 | INFO | User message received (97 chars)
2026-02-19 21:56:15,097 | INFO | TTS speak() called.
2026-02-19 21:56:15,098 | INFO | output.mp3 present (bytes=221568).
2026-02-19 21:56:15,112 | INFO | Turn complete; rerunning
2026-02-19 21:56:15,192 | INFO | App start / rerun
2026-02-19 21:56:17,060 | INFO | App start / rerun
2026-02-19 21:56:18,967 | INFO | App start / rerun
2026-02-19 21:56:24,250 | INFO | App start / rerun
2026-02-19 21:56:26,089 | INFO | App start / rerun
2026-02-19 21:57:10,198 | INFO | App start / rerun
2026-02-19 21:57:11,924 | INFO | Vitals tick applied (dt=128.1s).
2026-02-19 21:57:11,925 | INFO | Idle avatar swapped to index 0
2026-02-19 21:58:22,661 | INFO | App start / rerun
2026-02-19 21:58:24,385 | INFO | Idle avatar swapped to index 1
2026-02-19 21:58:24,456 | INFO | User message received (275 chars)
2026-02-19 21:58:30,124 | INFO | TTS speak() called.
2026-02-19 21:58:30,125 | INFO | output.mp3 present (bytes=235392).
2026-02-19 21:58:30,140 | INFO | Turn complete; rerunning
2026-02-19 21:58:30,224 | INFO | App start / rerun
2026-02-19 21:58:32,121 | INFO | App start / rerun
2026-02-19 21:58:34,032 | INFO | App start / rerun
2026-02-19 21:58:38,885 | INFO | App start / rerun
2026-02-19 21:58:40,587 | INFO | Vitals tick applied (dt=88.7s).
2026-02-19 21:58:40,747 | INFO | App start / rerun
